{"level":"INFO","time":"2021/11/30 - 14:49:19.773","caller":"ConfigUtils/ConfigUtil.go:24","msg":"[init config params]......"}
{"level":"INFO","time":"2021/11/30 - 14:49:19.775","caller":"ConfigUtils/DBConfig.go:70","msg":"[Init MySQLConfig Over]...&{db_vls 10.10.21.226 3306 root @BJcenter123 mysql}"}
{"level":"INFO","time":"2021/11/30 - 14:49:19.775","caller":"ConfigUtils/DBConfig.go:129","msg":"[Init KafkaConfig Over]...&{10.10.21.225 9092}"}
{"level":"INFO","time":"2021/11/30 - 14:49:19.775","caller":"ConfigUtils/DBConfig.go:169","msg":"[Init Data Tables Over]...&{{t_location_raw t_registration} {    t_work_order  }}"}
{"level":"INFO","time":"2021/11/30 - 14:49:19.776","caller":"ConfigUtils/ConfigUtil.go:61","msg":"[end init config params]......<nil>"}
{"level":"INFO","time":"2021/11/30 - 14:53:33.106","caller":"Middleware/Cors.go:17","msg":"http://coolaf.com"}
{"level":"INFO","time":"2021/12/01 - 10:08:53.326","caller":"Middleware/Cors.go:17","msg":""}
{"level":"INFO","time":"2021/12/01 - 10:09:09.341","caller":"Middleware/Cors.go:17","msg":""}
{"level":"INFO","time":"2021/12/01 - 10:09:55.562","caller":"Middleware/Cors.go:17","msg":""}
{"level":"INFO","time":"2021/12/01 - 10:23:21.581","caller":"Middleware/Cors.go:17","msg":""}
{"level":"INFO","time":"2021/12/01 - 10:24:32.588","caller":"Middleware/Cors.go:17","msg":""}
{"level":"INFO","time":"2021/12/01 - 10:25:31.869","caller":"Middleware/Cors.go:17","msg":""}
{"level":"INFO","time":"2021/12/01 - 10:27:02.483","caller":"Middleware/Cors.go:17","msg":""}
{"level":"INFO","time":"2021/12/01 - 10:33:03.525","caller":"Middleware/Cors.go:17","msg":""}
{"level":"INFO","time":"2021/12/01 - 10:40:18.486","caller":"Middleware/Cors.go:17","msg":""}
{"level":"INFO","time":"2021/12/01 - 10:40:32.795","caller":"Middleware/Cors.go:17","msg":""}
{"level":"INFO","time":"2021/12/01 - 10:42:53.691","caller":"Middleware/Cors.go:17","msg":""}
{"level":"INFO","time":"2021/12/01 - 11:00:20.784","caller":"Middleware/Cors.go:17","msg":""}
{"level":"INFO","time":"2021/12/01 - 11:02:32.164","caller":"Middleware/Cors.go:17","msg":""}
{"level":"INFO","time":"2021/12/01 - 11:03:43.462","caller":"Middleware/Cors.go:17","msg":""}
{"level":"INFO","time":"2021/12/01 - 11:04:20.620","caller":"Middleware/Cors.go:17","msg":""}
{"level":"INFO","time":"2021/12/01 - 11:05:03.426","caller":"Middleware/Cors.go:17","msg":""}
{"level":"INFO","time":"2021/12/01 - 11:06:40.770","caller":"Middleware/Cors.go:17","msg":""}
{"level":"INFO","time":"2021/12/01 - 11:08:15.224","caller":"Middleware/Cors.go:17","msg":""}
{"level":"INFO","time":"2021/12/01 - 11:09:01.677","caller":"Middleware/Cors.go:17","msg":""}
{"level":"INFO","time":"2021/12/01 - 11:09:20.456","caller":"Middleware/Cors.go:17","msg":""}
{"level":"INFO","time":"2021/12/01 - 11:11:22.775","caller":"Middleware/Cors.go:17","msg":""}
{"level":"INFO","time":"2021/12/01 - 11:13:15.578","caller":"Middleware/Cors.go:17","msg":""}
{"level":"INFO","time":"2021/12/01 - 11:14:02.696","caller":"Middleware/Cors.go:17","msg":""}
{"level":"INFO","time":"2021/12/01 - 11:14:36.751","caller":"Middleware/Cors.go:17","msg":""}
{"level":"INFO","time":"2021/12/01 - 11:15:20.140","caller":"Middleware/Cors.go:17","msg":""}
{"level":"INFO","time":"2021/12/01 - 11:16:02.123","caller":"Middleware/Cors.go:17","msg":""}
{"level":"INFO","time":"2021/12/01 - 11:17:05.972","caller":"Middleware/Cors.go:17","msg":""}
{"level":"INFO","time":"2021/12/01 - 14:10:08.529","caller":"Middleware/Cors.go:17","msg":""}
{"level":"INFO","time":"2021/12/01 - 14:22:05.900","caller":"Middleware/Cors.go:17","msg":""}
{"level":"INFO","time":"2021/12/01 - 14:26:43.960","caller":"Middleware/Cors.go:17","msg":""}
{"level":"INFO","time":"2021/12/01 - 14:45:25.032","caller":"Middleware/Cors.go:17","msg":""}
{"level":"INFO","time":"2021/12/01 - 14:46:05.087","caller":"Middleware/Cors.go:17","msg":"http://coolaf.com"}
{"level":"INFO","time":"2021/12/01 - 14:47:51.458","caller":"Middleware/Cors.go:17","msg":""}
{"level":"INFO","time":"2021/12/01 - 14:47:54.281","caller":"Middleware/Cors.go:17","msg":"http://coolaf.com"}
